2022-01-16 23:31:30 -  - exec CUpdateClientPartner::GetUpdatesList
2022-01-16 23:31:30 -  - exec CUpdateClientPartner::__CollectRequestData
2022-01-16 23:31:30 -  - utf=Y&lang=ru&stable=Y&CANGZIP=Y&SUPD_DBS=MYSQL&XE=N&CLIENT_SITE=site.bo&LICENSE_KEY=X&SUPD_STS=1&SUPD_URS=0&SUPD_URSA=1&TYPENC=D&CLIENT_PHPVER=7.3.33&NGINX=Y&dbv=8.0.24&instm=main%2C21.400.100%2CY%3Bb24connector%2C21.0.0%2CN%3Bbitrix.sitecorporate%2C15.5.0%2CN%3Bbitrixcloud%2C21.0.0%2CN%3Bclouds%2C21.100.0%2CN%3Bfileman%2C21.200.0%2CN%3Bhighloadblock%2C21.100.0%2CN%3Biblock%2C21.400.100%2CN%3Blanding%2C21.300.300%2CN%3Bmessageservice%2C21.100.0%2CN%3Bperfmon%2C21.0.0%2CN%3Brest%2C21.200.0%2CN%3Bsearch%2C21.0.100%2CN%3Bseo%2C21.300.0%2CN%3Bsocialservices%2C21.100.0%2CN%3Btranslate%2C21.100.0%2CN%3Bui%2C21.300.0%2CN&reqm=bitrix.sitecorporate&fullmoduleinfo=Y&SUPD_SRS=RU&SUPD_CMP=N
2022-01-16 23:31:30 -  - exec CUpdateClientPartner::GetHTTPPage
2022-01-16 23:31:31 -  - TIME GetUpdatesList(request) 0.351 sec
2022-01-16 23:31:31 -  - exec CUpdateClientPartner::ParseServerData
2022-01-17 00:12:54 -  - exec CUpdateClientPartner::GetUpdatesList
2022-01-17 00:12:54 -  - exec CUpdateClientPartner::__CollectRequestData
2022-01-17 00:12:54 -  - utf=Y&lang=ru&stable=Y&CANGZIP=Y&SUPD_DBS=MYSQL&XE=N&CLIENT_SITE=site.bo&LICENSE_KEY=X&SUPD_STS=1&SUPD_URS=0&SUPD_URSA=1&TYPENC=D&CLIENT_PHPVER=7.3.33&NGINX=Y&dbv=8.0.24&instm=main%2C21.400.100%2CY%3Bb24connector%2C21.0.0%2CN%3Bbitrix.sitecorporate%2C15.5.0%2CN%3Bbitrixcloud%2C21.0.0%2CN%3Bclouds%2C21.100.0%2CN%3Bfileman%2C21.200.0%2CN%3Bhighloadblock%2C21.100.0%2CN%3Biblock%2C21.400.100%2CN%3Blanding%2C21.300.300%2CN%3Bmessageservice%2C21.100.0%2CN%3Bperfmon%2C21.0.0%2CN%3Brest%2C21.200.0%2CN%3Bsearch%2C21.0.100%2CN%3Bseo%2C21.300.0%2CN%3Bsocialservices%2C21.100.0%2CN%3Btranslate%2C21.100.0%2CN%3Bui%2C21.300.0%2CN&reqm=bitrix.sitecorporate&fullmoduleinfo=Y&SUPD_SRS=RU&SUPD_CMP=N
2022-01-17 00:12:54 -  - exec CUpdateClientPartner::GetHTTPPage
2022-01-17 00:12:55 -  - TIME GetUpdatesList(request) 0.36 sec
2022-01-17 00:12:55 -  - exec CUpdateClientPartner::ParseServerData
2022-01-17 00:13:00 -  - exec CUpdateClientPartner::GetUpdatesList
2022-01-17 00:13:00 -  - exec CUpdateClientPartner::__CollectRequestData
2022-01-17 00:13:00 -  - utf=Y&lang=ru&stable=Y&CANGZIP=Y&SUPD_DBS=MYSQL&XE=N&CLIENT_SITE=site.bo&LICENSE_KEY=X&SUPD_STS=1&SUPD_URS=0&SUPD_URSA=1&TYPENC=D&CLIENT_PHPVER=7.3.33&NGINX=Y&dbv=8.0.24&instm=main%2C21.400.100%2CY%3Bb24connector%2C21.0.0%2CN%3Bbitrix.sitecorporate%2C15.5.0%2CN%3Bbitrixcloud%2C21.0.0%2CN%3Bclouds%2C21.100.0%2CN%3Bfileman%2C21.200.0%2CN%3Bhighloadblock%2C21.100.0%2CN%3Biblock%2C21.400.100%2CN%3Blanding%2C21.300.300%2CN%3Bmessageservice%2C21.100.0%2CN%3Bperfmon%2C21.0.0%2CN%3Brest%2C21.200.0%2CN%3Bsearch%2C21.0.100%2CN%3Bseo%2C21.300.0%2CN%3Bsocialservices%2C21.100.0%2CN%3Btranslate%2C21.100.0%2CN%3Bui%2C21.300.0%2CN&reqm=bitrix.sitecorporate&fullmoduleinfo=Y&SUPD_SRS=RU&SUPD_CMP=N
2022-01-17 00:13:00 -  - exec CUpdateClientPartner::GetHTTPPage
2022-01-17 00:13:00 -  - TIME GetUpdatesList(request) 0.233 sec
2022-01-17 00:13:00 -  - exec CUpdateClientPartner::ParseServerData
2022-01-17 00:13:12 -  - exec CUpdateClientPartner::GetUpdatesList
2022-01-17 00:13:12 -  - exec CUpdateClientPartner::__CollectRequestData
2022-01-17 00:13:12 -  - utf=Y&lang=ru&stable=Y&CANGZIP=Y&SUPD_DBS=MYSQL&XE=N&CLIENT_SITE=site.bo&LICENSE_KEY=X&SUPD_STS=1&SUPD_URS=0&SUPD_URSA=1&TYPENC=D&CLIENT_PHPVER=7.3.33&NGINX=Y&dbv=8.0.24&instm=main%2C21.400.100%2CY%3Bb24connector%2C21.0.0%2CN%3Bbitrix.sitecorporate%2C15.5.0%2CN%3Bbitrixcloud%2C21.0.0%2CN%3Bclouds%2C21.100.0%2CN%3Bfileman%2C21.200.0%2CN%3Bhighloadblock%2C21.100.0%2CN%3Biblock%2C21.400.100%2CN%3Blanding%2C21.300.300%2CN%3Bmessageservice%2C21.100.0%2CN%3Bperfmon%2C21.0.0%2CN%3Brest%2C21.200.0%2CN%3Bsearch%2C21.0.100%2CN%3Bseo%2C21.300.0%2CN%3Bsocialservices%2C21.100.0%2CN%3Btranslate%2C21.100.0%2CN%3Bui%2C21.300.0%2CN&reqm=bitrix.sitecorporate&fullmoduleinfo=Y&SUPD_SRS=RU&SUPD_CMP=N
2022-01-17 00:13:12 -  - exec CUpdateClientPartner::GetHTTPPage
2022-01-17 00:13:12 -  - TIME GetUpdatesList(request) 0.251 sec
2022-01-17 00:13:12 -  - exec CUpdateClientPartner::ParseServerData
2022-01-17 00:14:09 -  - exec CUpdateClientPartner::GetUpdatesList
2022-01-17 00:14:09 -  - exec CUpdateClientPartner::__CollectRequestData
2022-01-17 00:14:09 -  - utf=Y&lang=ru&stable=Y&CANGZIP=Y&SUPD_DBS=MYSQL&XE=N&CLIENT_SITE=site.bo&LICENSE_KEY=X&SUPD_STS=1&SUPD_URS=0&SUPD_URSA=1&TYPENC=D&CLIENT_PHPVER=7.3.33&NGINX=Y&dbv=8.0.24&instm=main%2C21.400.100%2CY%3Bb24connector%2C21.0.0%2CN%3Bbitrix.sitecorporate%2C15.5.0%2CN%3Bbitrixcloud%2C21.0.0%2CN%3Bclouds%2C21.100.0%2CN%3Bfileman%2C21.200.0%2CN%3Bhighloadblock%2C21.100.0%2CN%3Biblock%2C21.400.100%2CN%3Blanding%2C21.300.300%2CN%3Bmessageservice%2C21.100.0%2CN%3Bperfmon%2C21.0.0%2CN%3Brest%2C21.200.0%2CN%3Bsearch%2C21.0.100%2CN%3Bseo%2C21.300.0%2CN%3Bsocialservices%2C21.100.0%2CN%3Btranslate%2C21.100.0%2CN%3Bui%2C21.300.0%2CN&reqm=bitrix.sitecorporate&fullmoduleinfo=Y&SUPD_SRS=RU&SUPD_CMP=N
2022-01-17 00:14:09 -  - exec CUpdateClientPartner::GetHTTPPage
2022-01-17 00:14:10 -  - TIME GetUpdatesList(request) 0.26 sec
2022-01-17 00:14:10 -  - exec CUpdateClientPartner::ParseServerData
2022-01-17 00:25:26 -  - exec CUpdateClientPartner::GetUpdatesList
2022-01-17 00:25:26 -  - exec CUpdateClientPartner::__CollectRequestData
2022-01-17 00:25:26 -  - utf=Y&lang=ru&stable=Y&CANGZIP=Y&SUPD_DBS=MYSQL&XE=N&CLIENT_SITE=site.bo&LICENSE_KEY=X&SUPD_STS=1&SUPD_URS=0&SUPD_URSA=1&TYPENC=D&CLIENT_PHPVER=7.3.33&NGINX=Y&dbv=8.0.24&instm=main%2C21.400.100%2CY%3Bb24connector%2C21.0.0%2CN%3Bbitrix.sitecorporate%2C15.5.0%2CN%3Bbitrixcloud%2C21.0.0%2CN%3Bclouds%2C21.100.0%2CN%3Bfileman%2C21.200.0%2CN%3Bhighloadblock%2C21.100.0%2CN%3Biblock%2C21.400.100%2CN%3Blanding%2C21.300.300%2CN%3Bmessageservice%2C21.100.0%2CN%3Bperfmon%2C21.0.0%2CN%3Brest%2C21.200.0%2CN%3Bsearch%2C21.0.100%2CN%3Bseo%2C21.300.0%2CN%3Bsocialservices%2C21.100.0%2CN%3Btranslate%2C21.100.0%2CN%3Bui%2C21.300.0%2CN&reqm=bitrix.sitecorporate&fullmoduleinfo=Y&SUPD_SRS=RU&SUPD_CMP=N
2022-01-17 00:25:26 -  - exec CUpdateClientPartner::GetHTTPPage
2022-01-17 00:25:26 -  - TIME GetUpdatesList(request) 0.285 sec
2022-01-17 00:25:26 -  - exec CUpdateClientPartner::ParseServerData
2022-01-17 18:30:42 -  - exec CUpdateClientPartner::GetUpdatesList
2022-01-17 18:30:42 -  - exec CUpdateClientPartner::__CollectRequestData
2022-01-17 18:30:43 -  - utf=Y&lang=ru&stable=Y&CANGZIP=Y&SUPD_DBS=MYSQL&XE=N&CLIENT_SITE=site.bo&LICENSE_KEY=X&SUPD_STS=1&SUPD_URS=0&SUPD_URSA=1&TYPENC=D&CLIENT_PHPVER=7.3.33&NGINX=Y&dbv=8.0.24&instm=main%2C21.400.100%2CY%3Bb24connector%2C21.0.0%2CN%3Bbitrix.sitecorporate%2C15.5.0%2CN%3Bbitrixcloud%2C21.0.0%2CN%3Bclouds%2C21.100.0%2CN%3Bfileman%2C21.200.0%2CN%3Bhighloadblock%2C21.100.0%2CN%3Biblock%2C21.400.100%2CN%3Blanding%2C21.300.300%2CN%3Bmessageservice%2C21.100.0%2CN%3Bperfmon%2C21.0.0%2CN%3Brest%2C21.200.0%2CN%3Bsearch%2C21.0.100%2CN%3Bseo%2C21.300.0%2CN%3Bsocialservices%2C21.100.0%2CN%3Btranslate%2C21.100.0%2CN%3Bui%2C21.300.0%2CN&reqm=bitrix.sitecorporate&fullmoduleinfo=Y&SUPD_SRS=RU&SUPD_CMP=N
2022-01-17 18:30:43 -  - exec CUpdateClientPartner::GetHTTPPage
2022-01-17 18:30:43 -  - TIME GetUpdatesList(request) 0.352 sec
2022-01-17 18:30:43 -  - exec CUpdateClientPartner::ParseServerData
2022-01-17 18:30:50 -  - exec CUpdateClientPartner::GetUpdatesList
2022-01-17 18:30:50 -  - exec CUpdateClientPartner::__CollectRequestData
2022-01-17 18:30:50 -  - utf=Y&lang=ru&stable=Y&CANGZIP=Y&SUPD_DBS=MYSQL&XE=N&CLIENT_SITE=site.bo&LICENSE_KEY=X&SUPD_STS=1&SUPD_URS=0&SUPD_URSA=1&TYPENC=D&CLIENT_PHPVER=7.3.33&NGINX=Y&dbv=8.0.24&instm=main%2C21.400.100%2CY%3Bb24connector%2C21.0.0%2CN%3Bbitrix.sitecorporate%2C15.5.0%2CN%3Bbitrixcloud%2C21.0.0%2CN%3Bclouds%2C21.100.0%2CN%3Bfileman%2C21.200.0%2CN%3Bhighloadblock%2C21.100.0%2CN%3Biblock%2C21.400.100%2CN%3Blanding%2C21.300.300%2CN%3Bmessageservice%2C21.100.0%2CN%3Bperfmon%2C21.0.0%2CN%3Brest%2C21.200.0%2CN%3Bsearch%2C21.0.100%2CN%3Bseo%2C21.300.0%2CN%3Bsocialservices%2C21.100.0%2CN%3Btranslate%2C21.100.0%2CN%3Bui%2C21.300.0%2CN&reqm=bitrix.sitecorporate&fullmoduleinfo=Y&SUPD_SRS=RU&SUPD_CMP=N
2022-01-17 18:30:50 -  - exec CUpdateClientPartner::GetHTTPPage
2022-01-17 18:30:50 -  - TIME GetUpdatesList(request) 0.22 sec
2022-01-17 18:30:50 -  - exec CUpdateClientPartner::ParseServerData
2022-01-17 18:30:53 -  - exec CUpdateClientPartner::GetUpdatesList
2022-01-17 18:30:53 -  - exec CUpdateClientPartner::__CollectRequestData
2022-01-17 18:30:53 -  - utf=Y&lang=ru&stable=Y&CANGZIP=Y&SUPD_DBS=MYSQL&XE=N&CLIENT_SITE=site.bo&LICENSE_KEY=X&SUPD_STS=1&SUPD_URS=0&SUPD_URSA=1&TYPENC=D&CLIENT_PHPVER=7.3.33&NGINX=Y&dbv=8.0.24&instm=main%2C21.400.100%2CY%3Bb24connector%2C21.0.0%2CN%3Bbitrix.sitecorporate%2C15.5.0%2CN%3Bbitrixcloud%2C21.0.0%2CN%3Bclouds%2C21.100.0%2CN%3Bfileman%2C21.200.0%2CN%3Bhighloadblock%2C21.100.0%2CN%3Biblock%2C21.400.100%2CN%3Blanding%2C21.300.300%2CN%3Bmessageservice%2C21.100.0%2CN%3Bperfmon%2C21.0.0%2CN%3Brest%2C21.200.0%2CN%3Bsearch%2C21.0.100%2CN%3Bseo%2C21.300.0%2CN%3Bsocialservices%2C21.100.0%2CN%3Btranslate%2C21.100.0%2CN%3Bui%2C21.300.0%2CN&reqm=bitrix.sitecorporate&fullmoduleinfo=Y&SUPD_SRS=RU&SUPD_CMP=N
2022-01-17 18:30:53 -  - exec CUpdateClientPartner::GetHTTPPage
2022-01-17 18:30:53 -  - TIME GetUpdatesList(request) 0.218 sec
2022-01-17 18:30:53 -  - exec CUpdateClientPartner::ParseServerData
2022-01-17 19:23:43 -  - exec CUpdateClientPartner::GetUpdatesList
2022-01-17 19:23:43 -  - exec CUpdateClientPartner::__CollectRequestData
2022-01-17 19:23:43 -  - utf=Y&lang=ru&stable=Y&CANGZIP=Y&SUPD_DBS=MYSQL&XE=N&CLIENT_SITE=site.bo&LICENSE_KEY=X&SUPD_STS=1&SUPD_URS=0&SUPD_URSA=1&TYPENC=D&CLIENT_PHPVER=7.3.33&NGINX=Y&dbv=8.0.24&instm=main%2C21.400.100%2CY%3Bb24connector%2C21.0.0%2CN%3Bbitrix.sitecorporate%2C15.5.0%2CN%3Bbitrixcloud%2C21.0.0%2CN%3Bclouds%2C21.100.0%2CN%3Bfileman%2C21.200.0%2CN%3Bhighloadblock%2C21.100.0%2CN%3Biblock%2C21.400.100%2CN%3Blanding%2C21.300.300%2CN%3Bmessageservice%2C21.100.0%2CN%3Bperfmon%2C21.0.0%2CN%3Brest%2C21.200.0%2CN%3Bsearch%2C21.0.100%2CN%3Bseo%2C21.300.0%2CN%3Bsocialservices%2C21.100.0%2CN%3Btranslate%2C21.100.0%2CN%3Bui%2C21.300.0%2CN&reqm=bitrix.sitecorporate&fullmoduleinfo=Y&SUPD_SRS=RU&SUPD_CMP=N
2022-01-17 19:23:43 -  - exec CUpdateClientPartner::GetHTTPPage
2022-01-17 19:23:43 -  - TIME GetUpdatesList(request) 0.458 sec
2022-01-17 19:23:43 -  - exec CUpdateClientPartner::ParseServerData
2022-01-17 19:49:13 -  - exec CUpdateClientPartner::GetUpdatesList
2022-01-17 19:49:13 -  - exec CUpdateClientPartner::__CollectRequestData
2022-01-17 19:49:13 -  - utf=Y&lang=ru&stable=Y&CANGZIP=Y&SUPD_DBS=MYSQL&XE=N&CLIENT_SITE=site.bo&LICENSE_KEY=X&SUPD_STS=1&SUPD_URS=0&SUPD_URSA=1&TYPENC=D&CLIENT_PHPVER=7.3.33&NGINX=Y&dbv=8.0.24&instm=main%2C21.400.100%2CY%3Bb24connector%2C21.0.0%2CN%3Bbitrix.sitecorporate%2C15.5.0%2CN%3Bbitrixcloud%2C21.0.0%2CN%3Bclouds%2C21.100.0%2CN%3Bfileman%2C21.200.0%2CN%3Bhighloadblock%2C21.100.0%2CN%3Biblock%2C21.400.100%2CN%3Blanding%2C21.300.300%2CN%3Bmessageservice%2C21.100.0%2CN%3Bperfmon%2C21.0.0%2CN%3Brest%2C21.200.0%2CN%3Bsearch%2C21.0.100%2CN%3Bseo%2C21.300.0%2CN%3Bsocialservices%2C21.100.0%2CN%3Btranslate%2C21.100.0%2CN%3Bui%2C21.300.0%2CN&reqm=bitrix.sitecorporate&fullmoduleinfo=Y&SUPD_SRS=RU&SUPD_CMP=N
2022-01-17 19:49:13 -  - exec CUpdateClientPartner::GetHTTPPage
2022-01-17 19:49:13 -  - TIME GetUpdatesList(request) 0.753 sec
2022-01-17 19:49:13 -  - exec CUpdateClientPartner::ParseServerData
2022-01-17 19:49:21 -  - exec CUpdateClientPartner::GetUpdatesList
2022-01-17 19:49:21 -  - exec CUpdateClientPartner::__CollectRequestData
2022-01-17 19:49:21 -  - utf=Y&lang=ru&stable=Y&CANGZIP=Y&SUPD_DBS=MYSQL&XE=N&CLIENT_SITE=site.bo&LICENSE_KEY=X&SUPD_STS=1&SUPD_URS=0&SUPD_URSA=1&TYPENC=D&CLIENT_PHPVER=7.3.33&NGINX=Y&dbv=8.0.24&instm=main%2C21.400.100%2CY%3Bb24connector%2C21.0.0%2CN%3Bbitrix.sitecorporate%2C15.5.0%2CN%3Bbitrixcloud%2C21.0.0%2CN%3Bclouds%2C21.100.0%2CN%3Bfileman%2C21.200.0%2CN%3Bhighloadblock%2C21.100.0%2CN%3Biblock%2C21.400.100%2CN%3Blanding%2C21.300.300%2CN%3Bmessageservice%2C21.100.0%2CN%3Bperfmon%2C21.0.0%2CN%3Brest%2C21.200.0%2CN%3Bsearch%2C21.0.100%2CN%3Bseo%2C21.300.0%2CN%3Bsocialservices%2C21.100.0%2CN%3Btranslate%2C21.100.0%2CN%3Bui%2C21.300.0%2CN&reqm=bitrix.sitecorporate&fullmoduleinfo=Y&SUPD_SRS=RU&SUPD_CMP=N
2022-01-17 19:49:21 -  - exec CUpdateClientPartner::GetHTTPPage
2022-01-17 19:49:21 -  - TIME GetUpdatesList(request) 0.227 sec
2022-01-17 19:49:21 -  - exec CUpdateClientPartner::ParseServerData
2022-01-17 19:49:22 -  - exec CUpdateClientPartner::GetUpdatesList
2022-01-17 19:49:22 -  - exec CUpdateClientPartner::__CollectRequestData
2022-01-17 19:49:22 -  - utf=Y&lang=ru&stable=Y&CANGZIP=Y&SUPD_DBS=MYSQL&XE=N&CLIENT_SITE=site.bo&LICENSE_KEY=X&SUPD_STS=1&SUPD_URS=0&SUPD_URSA=1&TYPENC=D&CLIENT_PHPVER=7.3.33&NGINX=Y&dbv=8.0.24&instm=main%2C21.400.100%2CY%3Bb24connector%2C21.0.0%2CN%3Bbitrix.sitecorporate%2C15.5.0%2CN%3Bbitrixcloud%2C21.0.0%2CN%3Bclouds%2C21.100.0%2CN%3Bfileman%2C21.200.0%2CN%3Bhighloadblock%2C21.100.0%2CN%3Biblock%2C21.400.100%2CN%3Blanding%2C21.300.300%2CN%3Bmessageservice%2C21.100.0%2CN%3Bperfmon%2C21.0.0%2CN%3Brest%2C21.200.0%2CN%3Bsearch%2C21.0.100%2CN%3Bseo%2C21.300.0%2CN%3Bsocialservices%2C21.100.0%2CN%3Btranslate%2C21.100.0%2CN%3Bui%2C21.300.0%2CN&reqm=bitrix.sitecorporate&fullmoduleinfo=Y&SUPD_SRS=RU&SUPD_CMP=N
2022-01-17 19:49:22 -  - exec CUpdateClientPartner::GetHTTPPage
2022-01-17 19:49:22 -  - TIME GetUpdatesList(request) 0.249 sec
2022-01-17 19:49:22 -  - exec CUpdateClientPartner::ParseServerData
2022-01-17 19:51:20 -  - exec CUpdateClientPartner::GetUpdatesList
2022-01-17 19:51:20 -  - exec CUpdateClientPartner::__CollectRequestData
2022-01-17 19:51:20 -  - utf=Y&lang=ru&stable=Y&CANGZIP=Y&SUPD_DBS=MYSQL&XE=N&CLIENT_SITE=site.bo&LICENSE_KEY=X&SUPD_STS=1&SUPD_URS=0&SUPD_URSA=1&TYPENC=D&CLIENT_PHPVER=7.3.33&NGINX=Y&dbv=8.0.24&instm=main%2C21.400.100%2CY%3Bb24connector%2C21.0.0%2CN%3Bbitrix.sitecorporate%2C15.5.0%2CN%3Bbitrixcloud%2C21.0.0%2CN%3Bclouds%2C21.100.0%2CN%3Bfileman%2C21.200.0%2CN%3Bhighloadblock%2C21.100.0%2CN%3Biblock%2C21.400.100%2CN%3Blanding%2C21.300.300%2CN%3Bmessageservice%2C21.100.0%2CN%3Bperfmon%2C21.0.0%2CN%3Brest%2C21.200.0%2CN%3Bsearch%2C21.0.100%2CN%3Bseo%2C21.300.0%2CN%3Bsocialservices%2C21.100.0%2CN%3Btranslate%2C21.100.0%2CN%3Bui%2C21.300.0%2CN&reqm=bitrix.sitecorporate&fullmoduleinfo=Y&SUPD_SRS=RU&SUPD_CMP=N
2022-01-17 19:51:20 -  - exec CUpdateClientPartner::GetHTTPPage
2022-01-17 19:51:20 -  - TIME GetUpdatesList(request) 0.262 sec
2022-01-17 19:51:20 -  - exec CUpdateClientPartner::ParseServerData
